Input file: 1-airgrab-accounts.txt
Map file: map.csv
Balance file: balance.csv
Payer: airgrab.m
Output file: 2-airgrab.cvs
Map size: 732677
Balance size: 732670
Account has no balance: hquarwqcqc.m, singledogdog
Account has no balance: 3joplueboj.m, t.u.r.e
Account has no balance: jfby1ntewg.m, eoxxxooxxeos
Account has no balance: zz2gmefsjs.m, california.e
Account has no balance: oxsllxm5mf.m, w.w.w
Account has no balance: 45uxtij1ss.m, wxpsxx555555
Account has no balance: 5qh41njttw.m, family.e
Account has no balance: 1hqpemfsuu.m, huang5325123
Account has no balance: am11a14qsd.m, boomgo.game
Account has no balance: vpcrqfvooi.m, eospeer2peer
Account has no balance: afmsxi3nld.m, aac.game
Account has no balance: vjvrlvnxa3.m, lixuzheng222
Account has no balance: iptiw3rmah.m, 432111111111
Account has no balance: idb2ivzlsj.m, jackpot11111
Account has no balance: 3nckajoik3.m, thanksmax123
Account has no balance: 22xpp1jgxn.m, happywithyou
Account has no balance: rsbq43wy2w.m, gyztambshage
Account has no balance: ibor5tlral.m, walkerwalter
Account has no balance: khhxskkoea.m, jacques14351
Account has no balance: tbxktklv4p.m, 333333111333
Account has no balance: 5wogekgtha.m, pragqr2rz3tx
Account has no balance: 1mwy3ww3v1.m, eoscardworld
Account has no balance: 3e45hfvbwd.m, chrisleeks11
Account has no balance: oazzfohjwo.m, ankounabe145
Account has no balance: 1eyzughadj.m, umu.w
Account has no balance: co4g1hjpgj.m, blockarchive
Account has no balance: p4gwolyc2g.m, daocommunity
Account has no balance: idutr1opsg.m, myiwencrypto
Account has no balance: ak2sn1fikr.m, myiwenflying
Account has no balance: 1ip3dicw45.m, octalcaptial
Account has no balance: 5ksfuet3nu.m, rationalfund
Account has no balance: bqtt1ns2bb.m, tjuniversity
Account has no balance: 3nufur5y32.m, kuai3promote
Account has no balance: s2g5uzvajx.m, dongiltrans2
Account has no balance: ylhhosucj3.m, jgnjgnjgn123
Account has no balance: rtlsp2ix1n.m, once11111111
Account has no balance: rgtzbrkqtr.m, doce11111111
Account has no balance: 43mhkq3she.m, trece1111111
Account has no balance: 5hirqkcuft.m, catorce11111
Account has no balance: gojqnfmegf.m, stakingaccnt
Account has no balance: 1jjb4buuhw.m, praguanggui1
Account has no balance: weo1imhgeb.m, firsteosbank
Account has no balance: fylya2hsa3.m, keys2freedom
Account has no balance: xx1iaf1zmc.m, lordoftheeos
Account has no balance: igys1iqzqg.m, killfacebook
Account has no balance: 2sd1spxhwk.m, keytofreedom
Account has no balance: upgljjyav3.m, theeosworker
Account has no balance: e5ljfa5ssk.m, buttermonkey
Account has no balance: a3qoctitzf.m, littlekitten
Account has no balance: jzfx4bt2oo.m, mreosmistree
Account has no balance: qqekscnys4.m, chinablockio
Account has no balance: 3ka2bvn2gu.m, eosnazar1111
Account has no balance: zagefbnqbt.m, sijmonspeter
Account has no balance: w2smjsa4im.m, imagedesigns
Account has no balance: uz1eldnc1t.m, fortheloveof
Account has no balance: 2nc4bx1nci.m, ivote4eosdac
Account has no balance: obeac5hlae.m, eosthewinner
Account has no balance: hbz2f5oi4m.m, kicheoleos12
Account has no balance: n1sbz2a2ro.m, wobuaieosbtc
Account has no balance: ymxabdrlcv.m, irwannetwork
Account has no balance: qipqvw42o1.m, murmurrumrum
Account has no balance: f313ot3nuf.m, karson44eoss
Account has no balance: k2x2pegkqj.m, eosinnohyun1
Account has no balance: vv5salozdu.m, namedaccount
Account has no balance: ozdyzaxegx.m, nameswaps.e
Account has no balance: njquauxnoh.m, qjyy.game
Account has no balance: uuvwklfqm1.m, snakebones12
Account has no balance: mpl1jl3yq4.m, acewrspeed12
Account has no balance: un5gqgjpyr.m, digitalyrare
Account has no balance: tphy3bxdy4.m, robertkubica
Account has no balance: zvjfoz5cke.m, 1bitfinexeos
Account has no balance: y4jesuttez.m, myhardwallet
Account has no balance: ruokuviizf.m, italianpower
Account has no balance: jnprnmncq2.m, mysoftwallet
Account has no balance: vb1rzezpco.m, zhaoyue54321
Account has no balance: cvocu3jy2y.m, nnnnn.x
Account has no balance: 2gf3z1tgju.m, cryptonite11
Account has no balance: vajsca5hgr.m, gooddaytoday
Account has no balance: rio4nugrje.m, meltdownlyon
Account has no balance: ugddj1m45s.m, pixelpersist
Account has no balance: deyv51xa1d.m, prototyp.e
Account has no balance: m1wl2l2wsr.m, slaypoppa333
Account has no balance: mvhofoku32.m, golddigger21
Account has no balance: gr5m1gz3qy.m, sonyericson5
Account has no balance: vdiaey1edw.m, redbullracer
Account has no balance: mrxmvl2eby.m, mamaoandroid
Account has no balance: nrqidpsa5k.m, demjyobexxww
Account has no balance: d53x5yppyn.m, hsbchk.e
Account has no balance: kmyyycsmhr.m, stobank.e
Account has no balance: 1smxx11z3t.m, 1gutenmorgen
Account has no balance: ewhpt3rodk.m, 1juniormint1
Account has no balance: yt1uzexihk.m, 1pinacolada1
Account has no balance: doppuw3pko.m, 555555dollar
Account has no balance: adx31ualtq.m, 55horsepower
Account has no balance: 3jfqudbuwr.m, absareonfire
Account has no balance: 2yxbzvdzp5.m, aknifeaknife
Account has no balance: melvrrl3lu.m, alexandrians
Account has no balance: golohguyki.m, alexkiddkidd
Account has no balance: radgjeozbq.m, allforone333
Account has no balance: ex21debtuq.m, allyourbase1
Account has no balance: a54abuflyk.m, aloaloaloalo
Account has no balance: bd12hfwlqc.m, aloneithrive
Account has no balance: htoexaxm2q.m, alwaysclosed
Account has no balance: efko1k3wgr.m, amirontewfik
Account has no balance: rudz2rugnu.m, amoramoramor
Account has no balance: 3hbz5v3yzg.m, amorinfinite
Account has no balance: qhsgaopefd.m, anaphylactic
Account has no balance: qsi4csecjy.m, annaannaanna
Account has no balance: 15k2k4jhmi.m, annabelle123
Account has no balance: qcyw1uzyt4.m, archerarcher
Account has no balance: h24yynjwpv.m, aroundworlds
Account has no balance: 3doznnwkid.m, ashtangayoga
Account has no balance: snwn5ubea2.m, ashtangayogi
Account has no balance: ljtd53zx1n.m, astronautamr
Account has no balance: b3yw2h5nyr.m, augartenyogi
Account has no balance: 5l2cklwboo.m, austropopper
Account has no balance: x4qpv2smh2.m, avocadomouse
Account has no balance: uomzw3xzyd.m, awayspirited
Account has no balance: 112ooo4guz.m, babydonthurt
Account has no balance: pzokahiicf.m, back2future1
Account has no balance: 3uxt3qzw5s.m, bananabread1
Account has no balance: nud4xktixb.m, horlorlardey
Account has no balance: rvn1ljajud.m, bartsimpson1
Account has no balance: 1pxohwh4ch.m, basejumpings
Account has no balance: 4axdfslepe.m, baudsandbits
Account has no balance: 5bm4ry5xgb.m, chiplusworld
Account has no balance: n2eakvscep.m, beamupscotty
Account has no balance: 2tjqrxniqi.m, bearbullbear
Account has no balance: wpumihxyee.m, beatabeata12
Account has no balance: ra2vhahudl.m, beautifullll
Account has no balance: ogrbcjusuf.m, bebeineedyou
Account has no balance: honhnaucb4.m, beepbeepbeep
Account has no balance: b3vnht5yie.m, beginnerluck
Account has no balance: 1jsgqtnofz.m, beholdbehold
Account has no balance: oy13sm2i4w.m, beingeternal
Account has no balance: pybaiayens.m, beischlhittn
Account has no balance: qqrthefndl.m, belzebubchen
Account has no balance: swprmrypjf.m, beopenminded
Account has no balance: d3vhpai54f.m, biggerfaster
Account has no balance: yhq3rjq1fq.m, biggestfish1
Account has no balance: wxe3iwnvuu.m, biochemicals
Account has no balance: lnfnafpvok.m, biologmutant
Account has no balance: rsd1ftlw5q.m, birdssinging
Account has no balance: zfjmyko5lm.m, bitchplease1
Account has no balance: mzwokxgsp3.m, bitsandbauds
Account has no balance: ndepr1lmuq.m, blackwhite12
Account has no balance: zkmz1dkhe4.m, blessedweare
Account has no balance: asontgwzyj.m, bloomflower1
Account has no balance: 22fsvh3ozg.m, bluescissors
Account has no balance: vstyo4ttbp.m, bodylovebody
Account has no balance: kjk5fupmyk.m, bodymindsoul
Account has no balance: gzotuimhlb.m, bombasticman
Account has no balance: 4ow1zh1jsn.m, brasilbrasil
Account has no balance: 3medatcvob.m, brassedballs
Account has no balance: gzstkdnq2u.m, bruatbamkoda
Account has no balance: xf4zj4a1wd.m, brunzemichan
Account has no balance: r2bre2a1ci.m, bubblebutttt
Account has no balance: zwhqlrwtat.m, bubblegumgum
Account has no balance: jjaqcu5pux.m, bulletproofs
Account has no balance: uaourqwkzu.m, bumpfinebara
Account has no balance: egbiesxfin.m, bunkerbunker
Account has no balance: yotqmxgjf3.m, cairocairo12
Account has no balance: 4zslwjigt5.m, calisthenics
Account has no balance: d3wvfeuvyj.m, candyman1234
Account has no balance: e3nk4xmjjr.m, canigetawhop
Account has no balance: epufkwtg5m.m, canttouchdat
Account has no balance: uefuqkmcbp.m, capableofany
Account has no balance: f5aiqzkksd.m, captinfuture
Account has no balance: 3b3kk1de23.m, clawfingered
Account has no balance: y5vxatfx5k.m, climbingtops
Account has no balance: ikmhrowuem.m, closersonly1
Account has no balance: vcvzv113za.m, coconutwater
Account has no balance: ds2pxjwxlk.m, compulsively
Account has no balance: k5wwqa5u1g.m, consciousgal
Account has no balance: bgsitdcwbs.m, consciousguy
Account has no balance: kxcyuexd2g.m, cosmicheart1
Account has no balance: qlaulvemtp.m, cryptoyogini
Account has no balance: z2wt1swkr3.m, curiostyshow
Account has no balance: vfsg2epaln.m, cybermironek
Account has no balance: enwbw53xnw.m, cyberpunkers
Account has no balance: oke2bxnmqv.m, cyberpunkinc
Account has no balance: mdr3z2yucr.m, cyberpunkwar
Account has no balance: hspra1egex.m, cycuchygrube
Account has no balance: kyzxiuuzbv.m, cypherpunks1
Account has no balance: vxeehtx4pi.m, daftpunk5555
Account has no balance: u3zun4jdzx.m, danthemanman
Account has no balance: ysprbs3xcx.m, dasgefaehrt1
Account has no balance: 3dghfcshxr.m, dayotentacle
Account has no balance: fhfzdrooxi.m, decadenceeee
Account has no balance: s4xicdcol3.m, decadencenow
Account has no balance: 4pebszo1bd.m, demoscene123
Account has no balance: nr2pcrejsk.m, desirousness
Account has no balance: nqpjuuuyyx.m, desismeivoda
Account has no balance: 24rvllmozb.m, destinyrises
Account has no balance: x2a3aen41p.m, diablos12345
Account has no balance: ptpz3n1iie.m, diamondcutts
Account has no balance: t4f52hqa1e.m, disharmonize
Account has no balance: yojy5g2hrw.m, dmtdmtdmtdmt
Account has no balance: v2vqejnnv5.m, perfezionare
Account has no balance: 1mkipjx4bj.m, gq3tsnbugege
Account has no balance: qkufdu1vpu.m, theguruofeos
Account has no balance: h51lahtkfg.m, doctordouche
Account has no balance: gjc1lexuk1.m, doczoidberg1
Account has no balance: w2dygnp5qy.m, domination23
Account has no balance: wgmsiuhysc.m, petemobiwall
Account has no balance: tcqz5bqdsy.m, dorftrotteln
Account has no balance: 5ka1tpq1qi.m, dowhatyowilt
Account has no balance: rwjfglxzsh.m, dragonnogard
Account has no balance: nuipjws2ec.m, drunkenmonky
Account has no balance: 2jher4ni3y.m, dutydutyduty
Account has no balance: auhvhzyqfb.m, easycomeeasy
Account has no balance: 4jqtdpbefh.m, eatprayloves
Account has no balance: 544dsdmofu.m, eatsleepyoga
Account has no balance: yggqd4pzzt.m, elephantride
Account has no balance: 5qvbamd2a5.m, eosgoddessss
Account has no balance: 4udvgnwegk.m, essenceofyou
Account has no balance: 2twqfz25ho.m, eternalbeing
Account has no balance: cdtgnhz2qb.m, eternalitics
Account has no balance: 3jwg2smhnb.m, eternityhere
Account has no balance: zbdellq1ps.m, evolution123
Account has no balance: 5lfjresp1q.m, farmermarket
Account has no balance: heuhf5a3gp.m, fashionista1
Account has no balance: dqgnsyf2yi.m, feitelimsack
Account has no balance: icpuvpejw5.m, femalepowers
Account has no balance: buowujnwvs.m, fetzenkammer
Account has no balance: 5g2hdddyyz.m, fight4sparta
Account has no balance: jtdcuu4mfq.m, fighterworld
Account has no balance: nxg4ppl52l.m, finalisieren
Account has no balance: fo1uqs3mru.m, firestarters
Account has no balance: wf4y1dvofw.m, firewaterair
Account has no balance: eqhc1zhjuy.m, fistnordstar
Account has no balance: jkpobfnvie.m, fivefingered
Account has no balance: phnrti31bu.m, flatliner321
Account has no balance: l5nhprppgn.m, flyinghigher
Account has no balance: sq2gk3cepi.m, focuspoint12
Account has no balance: 1b22ob1vdd.m, forsparta111
Account has no balance: ypwcosf1y1.m, foundationrf
Account has no balance: gf4c3o1sbw.m, fourhorsemen
Account has no balance: a5r131mhtc.m, fourtwenty42
Account has no balance: bqaovro1io.m, fourtwentyyy
Account has no balance: dcxyduocg4.m, foxandrabbit
Account has no balance: vckxdggomz.m, franziskaner
Account has no balance: su2jlphaqh.m, freedomfight
Account has no balance: h2bu4twluo.m, freedomgiven
Account has no balance: yd1dq1d5de.m, freedomtaken
Account has no balance: rcnncze4qn.m, fruitssalads
Account has no balance: gftfdchply.m, fuckthingsup
Account has no balance: wil225sear.m, fuddudfudfud
Account has no balance: yfjcjxdtpk.m, fuerdiehaare
Account has no balance: mhqxee22ke.m, futuramamama
Account has no balance: nslefyjtw5.m, gardeneden11
Account has no balance: tekgxaskvx.m, gardenedennn
Account has no balance: tpte4iwsqn.m, gassisackerl
Account has no balance: wecn5cnpbc.m, gattacadrive
Account has no balance: 4q45ympoki.m, gelatogelato
Account has no balance: m1tlhyddr1.m, geminirising
Account has no balance: tjk1xaqc2g.m, gemminirises
Account has no balance: gtu4tggexd.m, geraltzrivii
Account has no balance: klaxhxu5ev.m, gnaedigefrau
Account has no balance: clwbc5tjzx.m, goagoagoagoa
Account has no balance: ncr4cem4zl.m, goddessdawn1
Account has no balance: 13cx3c23bp.m, godofwarrrrr
Account has no balance: cuih1q4ojr.m, godogodogodo
Account has no balance: q42qjmvomf.m, goethegoethe
Account has no balance: s4zweyxoqa.m, gourmandized
Account has no balance: ayuh1qe31w.m, gravitypulls
Account has no balance: cwboe1kdrm.m, greedgreed11
Account has no balance: 55o3xmbru4.m, greenbluered
Account has no balance: rmaclf3nd5.m, hackhackhack
Account has no balance: fdpvpkiox1.m, handstanders
Account has no balance: yxylaucjse.m, hangingtrees
Account has no balance: ojts1lg4zb.m, headovertail
Account has no balance: zmthmqcugb.m, headphonewar
Account has no balance: hlvbc5towh.m, heartheart33
Account has no balance: hyrq1uerun.m, heliocentric
Account has no balance: fvzy2hwrtz.m, hello11hello
Account has no balance: johq2pkny2.m, herzpatschen
Account has no balance: z5nzlnmfep.m, himalayayogi
Account has no balance: q24mb4avon.m, hochofendodl
Account has no balance: hsls25mfvq.m, hollywoodblv
Account has no balance: v5zmqjfkmd.m, honeymooners
Account has no balance: x24f1eg31o.m, hongkongfuey
Account has no balance: t2cynisxjm.m, hotpotatoe54
Account has no balance: syqnufvauo.m, hyperhyperhy
Account has no balance: l23jrkg51i.m, hypnotizable
Account has no balance: 3zmqnrkes3.m, iammrniceguy
Account has no balance: j5lgzsaerl.m, iamtheartist
Account has no balance: ovtsyjpjxv.m, iamtosexyfor
Account has no balance: oyihstvdmh.m, iamturok1234
Account has no balance: 3flgmu4aba.m, iarebaboooon
Account has no balance: li2syfbf34.m, ihavesixpack
Account has no balance: cjf4j4to5i.m, imarichbitch
Account has no balance: 3vd5gkifns.m, ineedyourluv
Account has no balance: i4ndad14fv.m, inhaleexhale
Account has no balance: exdsnyl4wz.m, irgendeintyp
Account has no balance: 4yedv4pata.m, itwasawetone
Account has no balance: z3fukc4zx4.m, jacksparrows
Account has no balance: apaeiu2r1d.m, joyfulnesses
Account has no balance: inuujbqjsh.m, kalistenikas
Account has no balance: hkmcddttws.m, kalligrapher
Account has no balance: j5lqmp5ijj.m, katlynkatlyn
Account has no balance: 5oqenzkmdx.m, kebabspiesse
Account has no balance: dwwxcdr41s.m, kingofqueens
Account has no balance: 3kldenothz.m, knightrider1
Account has no balance: faeklegjno.m, knuckleballs
Account has no balance: 3twy3cp3ss.m, kosharkoshar
Account has no balance: evuxwgudce.m, kuessdiehand
Account has no balance: lzmf3zegnc.m, lambobada555
Account has no balance: 5nkzbdkvx4.m, lambomoon555
Account has no balance: jrsn3asvp2.m, lamborghini4
Account has no balance: esaz3cxsv4.m, lambourghini
Account has no balance: 33xsgm4csw.m, lammoonghini
Account has no balance: bagupybskb.m, leesnunchaku
Account has no balance: sb4vfn5pck.m, letdadogsout
Account has no balance: ofq5kwgefq.m, letsgetphysi
Account has no balance: kgsd2mymzv.m, lightgoddess
Account has no balance: zg4cpyufc5.m, lightslights
Account has no balance: fdfhb5nmac.m, lightsoutnow
Account has no balance: nh42qtjhuo.m, lisylisylisy
Account has no balance: cywdob3cun.m, lolalolalola
Account has no balance: o52is3knx2.m, lolslolslols
Account has no balance: bks2oggpl3.m, longboarder1
Account has no balance: wrap2k3tbd.m, longboarders
Account has no balance: druy3ra22e.m, lovehatelove
Account has no balance: u5wcjp2rmd.m, luckylucky43
Account has no balance: wvhp1aykzw.m, machiavellic
Account has no balance: fymztjlcy1.m, madmanmadman
Account has no balance: 5luhuvxa34.m, mariahelpers
Account has no balance: fit4oy1yf3.m, marksthespot
Account has no balance: 145beovusm.m, masterofarts
Account has no balance: kiuhw2lees.m, mathematiker
Account has no balance: p1dw1nlnq5.m, meamadreamer
Account has no balance: ipbcnpqifj.m, meditator123
Account has no balance: uvykkfu2yu.m, melonheadddd
Account has no balance: e2mj1tzfte.m, mentalmental
Account has no balance: fxkbzchaen.m, microcosmos1
Account has no balance: dvcq3zgmcy.m, mindofachef1
Account has no balance: ehblfwjs1o.m, minimalistic
Account has no balance: 5ldvigdujd.m, minimeminime
Account has no balance: w5edepvnjo.m, misterrobot1
Account has no balance: 3ulm5y1efx.m, mnmlmnmlmnml
Account has no balance: cygto3mmkz.m, moneyawakens
Account has no balance: wjgnlk14qj.m, moonbada5555
Account has no balance: uubmoquvvd.m, moonshinings
Account has no balance: mblzklb3d4.m, mouseonmars1
Account has no balance: khiocb41gt.m, muscleman123
Account has no balance: 1kwhlqiryn.m, musclemuscle
Account has no balance: g4ygtimq12.m, mykitchenlab
Account has no balance: wvvryciwt4.m, natureerutan
Account has no balance: h4cgm32e5n.m, negaschweiss
Account has no balance: vs3oaznfoc.m, neuralnetnet
Account has no balance: mo4ihzpx1o.m, nordstarfist
Account has no balance: sxjzpq5uh4.m, nosoupforyou
Account has no balance: jjc532tyao.m, nostradamus1
Account has no balance: sezsitqgft.m, nowletuspray
Account has no balance: cttgc4fryu.m, nuitnuitnuit
Account has no balance: pr33q3oyie.m, objsixsixsix
Account has no balance: oqfrqvscgc.m, oldboyyobdlo
Account has no balance: 2vu3hqbslv.m, olivierqueen
Account has no balance: pfmhoihv2z.m, openthatmind
Account has no balance: ffjcglvbaw.m, orkathewhale
Account has no balance: zaugg4yfzq.m, outlander333
Account has no balance: l4wpshsflb.m, outlanderish
Account has no balance: l4fxvnijfw.m, outofbodynow
Account has no balance: rv222bqjrm.m, ozorasamsara
Account has no balance: emggi2gaw1.m, palmbeach111
Account has no balance: 2mt3hissh3.m, padmasanaboy
Account has no balance: 4n5xu2alzp.m, pandorasbox1
Account has no balance: kawpfptmug.m, paraglider11
Account has no balance: nqpfnvgi4t.m, parkour11111
Account has no balance: reyigbqlqr.m, pastalove2go
Account has no balance: amuaq3etcw.m, patanjaliyuj
Account has no balance: hm4ygiiofg.m, peperminties
Account has no balance: v1zsousqw4.m, pepperpepper
Account has no balance: iiiwl4gclk.m, persistency1
Account has no balance: bqlctsd1fq.m, pharmacoligy
Account has no balance: 3lfcuei51t.m, photoionized
Account has no balance: c3nxjam2f2.m, pi314pi314pi
Account has no balance: se2anp5tly.m, pinkybrainez
Account has no balance: 5ruvlmeul3.m, pinupgirlsss
Account has no balance: vp4grcmise.m, pivopivopivo
Account has no balance: acqfhczynn.m, pizzadiabolo
Account has no balance: utm4ldhhst.m, pizzadiavolo
Account has no balance: bkow5fz5dd.m, platoofathen
Account has no balance: yhou1osxez.m, pokerface123
Account has no balance: 5kb1atyjli.m, polskapolska
Account has no balance: dpd3lvdmzl.m, polyphenolic
Account has no balance: oxko5krhby.m, potatoeheads
Account has no balance: zpse1ijogo.m, prettypretty
Account has no balance: lmfyn4owjc.m, psychepsyche
Account has no balance: by2xwvoiaf.m, pumpkinpieee
Account has no balance: uix3rdphxk.m, pythonistaaa
Account has no balance: d212nwirtp.m, rabittandfox
Account has no balance: b4ttdyggfe.m, raumschiffer
Account has no balance: ldljhf4ier.m, rebirthtwice
Account has no balance: bppueljtyv.m, reefermaniac
Account has no balance: f5fm4dstrb.m, representers
Account has no balance: qi1wo4j5zd.m, ridethebeats
Account has no balance: kfnrl51w24.m, robertblanco
Account has no balance: wbyyw315zq.m, robotsrobots
Account has no balance: j1ftc25dup.m, rooobinhoood
Account has no balance: phsk1axwl5.m, rootlessness
Account has no balance: 5l4atpockk.m, rosesareredd
Account has no balance: nzqe5cojqh.m, rulerofqueen
Account has no balance: qjbp2pxwga.m, runningscare
Account has no balance: fuuvbeqxih.m, satcitananda
Account has no balance: 3j2mzneycp.m, savemoney123
Account has no balance: wiztj5zwpk.m, scaredscared
Account has no balance: auvrypynh4.m, schaasaugert
Account has no balance: g1wtmgwafy.m, schallstrahl
Account has no balance: pxgnawhrdu.m, schasfladera
Account has no balance: fhy5lhymw3.m, scharwenzeln
Account has no balance: oyux53x11k.m, schanigarten
Account has no balance: fyv3ylewzl.m, schneidercpc
Account has no balance: izzp2ylc45.m, schoepsernes
Account has no balance: erpqv3wzmw.m, schopfbraten
Account has no balance: 1smwsx5vv4.m, scissorsises
Account has no balance: jfaruvje1g.m, seniorenclub
Account has no balance: daouidnxqc.m, sensuosities
Account has no balance: nlzfxgmele.m, serenitynows
Account has no balance: xvcb3wewt5.m, servasservas
Account has no balance: exf1nhp3lo.m, shadowyogini
Account has no balance: vrpvcimb5t.m, shamanistica
Account has no balance: whe1yjc4j3.m, shatkarmas33
Account has no balance: nwczbjzbek.m, shivasamhita
Account has no balance: n1ay4nlcon.m, shivawatches
Account has no balance: d2ravd1fux.m, shojinryori1
Account has no balance: 1yabvaubsd.m, silkentofu42
Account has no balance: plp2gd2b3i.m, singularity1
Account has no balance: j2u2ihm3qg.m, singularized
Account has no balance: iven5deait.m, sixsixandsix
Account has no balance: xn5qc2u5zu.m, sixtiesrover
Account has no balance: fdosytd3ql.m, skeletonizer
Account has no balance: pyscriof3v.m, skullsnbones
Account has no balance: bjb5zqmcju.m, skyrimforeva
Account has no balance: crxb5q2r2u.m, sleepyogaeat
Account has no balance: 2nnayhvhvn.m, sleepysleepy
Account has no balance: bpyim2c5gy.m, smartsmarter
Account has no balance: eiijwmgxvi.m, smokinghotie
Account has no balance: q2qgv3teil.m, socialmedian
Account has no balance: dt1hguczxy.m, soothingmuse
Account has no balance: y4wnehzjan.m, soundoofwave
Account has no balance: vegibgc43w.m, spacecolides
Account has no balance: pcruou3h1w.m, spermatozoon
Account has no balance: iorxlqtav3.m, spiritspirit
Account has no balance: bg3amegqlf.m, spirittirips
Account has no balance: vmjgs2snnt.m, spiritualwar
Account has no balance: ng4jyw5tjc.m, spompernadel
Account has no balance: tzzql4dxrm.m, sraltosralto
Account has no balance: gz41rowmax.m, ssenterprise
Account has no balance: 4j5qmrovwt.m, starmaninsky
Account has no balance: mt4rzxkjxm.m, sternreissen
Account has no balance: gzbvxkrckb.m, steveerkle11
Account has no balance: l2yzsz5pjx.m, stoicisticer
Account has no balance: txezfmc141.m, strassenyoga
Account has no balance: ucq3t3hecg.m, streetwrkout
Account has no balance: bulmrrbcwk.m, streetyoga54
Account has no balance: yjo1k1uyfv.m, streetyogaeu
Account has no balance: ce3wvczvou.m, studio545454
Account has no balance: uq3z5rot4m.m, sudernsudern
Account has no balance: 1upae35fke.m, suitupsuitup
Account has no balance: zk2jowxcwo.m, summertimers
Account has no balance: j23egcttwm.m, sunsandmoons
Account has no balance: j1udhbdpls.m, sunshinedays
Account has no balance: u5nxi3j35g.m, sunshinelady
Account has no balance: fpxeiqjy4h.m, sunshinemore
Account has no balance: j4uobdnlgs.m, sunshineyogi
Account has no balance: otyf5ptume.m, superathlete
Account has no balance: zjuetqzca4.m, talentedarts
Account has no balance: pulzkinugb.m, tarantulalal
Account has no balance: pviwhbblzi.m, tarotarotaro
Account has no balance: 3lyhz3vjts.m, tausendjahre
Account has no balance: jcgu41m4ln.m, teacoffeetea
Account has no balance: apxpcdw1zw.m, teamflashers
Account has no balance: xsfyrj4qnk.m, teardropeyes
Account has no balance: wlgnbnpznw.m, technics1234
Account has no balance: 2sauca5cnj.m, technologica
Account has no balance: ylzud3f4ln.m, technomusick
Account has no balance: 5ceimffy1q.m, technotronic
Account has no balance: sgukow1jbx.m, thcthcthcthc
Account has no balance: 4dr311bxup.m, thefirstones
Account has no balance: j3zty2tbnw.m, themoonlambo
Account has no balance: qkedokeo5r.m, thersnospoon
Account has no balance: cgljc1wsie.m, theshiningis
Account has no balance: 3rt3oju41s.m, theteamarrow
Account has no balance: nmvtppmcha.m, thewhiteroom
Account has no balance: xvqnofldpa.m, thothandmaat
Account has no balance: bx2lgrhkdj.m, thousandand1
Account has no balance: oxbvbiuof3.m, thunderyogin
Account has no balance: rmbgukhjyg.m, tibetanbells
Account has no balance: cuuox4bizq.m, tirelessness
Account has no balance: r2ez4kopxt.m, tissuelovers
Account has no balance: 4qwl5yxbq3.m, toiletpapers
Account has no balance: 1dxxz4wljc.m, tomatoejuice
Account has no balance: 2mbak4e4dm.m, totemanimals
Account has no balance: opapxgbk2z.m, totembearer1
Account has no balance: 5dbgduhlyj.m, tothemoon554
Account has no balance: xfm3hpphvo.m, traummanderl
Account has no balance: efeetsjxpl.m, tribaldancer
Account has no balance: dmmxqguel2.m, trinity33333
Account has no balance: hktkqhtnoh.m, troepferlbad
Account has no balance: uiebpki2qa.m, trotzpinkerl
Account has no balance: tfxogf232d.m, tschecharant
Account has no balance: cw2dqpi5tk.m, tumblingboss
Account has no balance: ccj4xppfpa.m, tupacashakur
Account has no balance: omnoew1wf5.m, txtadventure
Account has no balance: 3iqdxl3rnr.m, underarmours
Account has no balance: u5bi2ocr3i.m, universum333
Account has no balance: mfqvsvefjf.m, unixunixunix
Account has no balance: thfmmkdaab.m, utopianworld
Account has no balance: imarx1lxyu.m, vandegurunam
Account has no balance: 4zg1cld3uf.m, vegancooking
Account has no balance: ym5qlvjzgz.m, vegancuisine
Account has no balance: 1kdjhjvbbp.m, veganfoodist
Account has no balance: 5dbglikm4d.m, veganmaniacs
Account has no balance: zgkywinsfq.m, vigilante123
Account has no balance: s45qrbtioj.m, vodkadavodka
Account has no balance: nwaemyevxl.m, voodoopriest
Account has no balance: do4djl2kfb.m, vviieennnnaa
Account has no balance: kfnwzcfh4p.m, wachbirn1234
Account has no balance: kx22trbylk.m, walkingonice
Account has no balance: okofqlmwlm.m, waterbubbles
Account has no balance: hrzkbaeud3.m, waterfallsup
Account has no balance: kuoq1dsdpc.m, weamongstars
Account has no balance: gkxe3d2xll.m, whatabeauty2
Account has no balance: 4xwm3lvo1q.m, whateveritis
Account has no balance: fmuaawkpkq.m, whatislove13
Account has no balance: pjxzhh4ao3.m, whenmoonwhen
Account has no balance: vawbybzhuh.m, whiterabbit1
Account has no balance: 3gpokyqzzy.m, whowantitnow
Account has no balance: ndbevfogkw.m, wildhunthunt
Account has no balance: 5zuwtj5pfe.m, workhardwork
Account has no balance: jlbdhxk143.m, worldtravels
Account has no balance: uvdfhfqaem.m, wwwappworkat
Account has no balance: nnlbvj3kf5.m, yogaeatsleep
Account has no balance: xygl525jkg.m, yogaismylife
Account has no balance: yesjp2oufw.m, yogisunshine
Account has no balance: jxvcksesnq.m, youarebeauty
Account has no balance: kpxfipglhz.m, yoyogadipika
Account has no balance: 52hudbbxxh.m, zorkzorkzork
Account has no balance: kd2yiwvhg5.m, zuckerlsuess
Account has no balance: eqjgpyuw2a.m, zwiederwurzn
Account has no balance: 4qogjvbhki.m, bigfeelaroma
Account has no balance: ftrvafukjr.m, peppinhotara
Account has no balance: dy3v3gldkj.m, prayutuainim
Account has no balance: fsk4vp54fn.m, raphaeldream
Account has no balance: 3fktl121i2.m, lvbesteos333
Account has no balance: vnfmfbv3tx.m, omeraydin333
Account has no balance: pubwfizbno.m, prawbyitotyt
Account has no balance: dyytz34yoc.m, itecoin.bank
Account has no balance: imkwyogljw.m, diablecrypto
Account has no balance: yxx3gkohnw.m, twitter.vr
Account has no balance: hyodn13lvl.m, pokerroom.vr
Account has no balance: dirildnggb.m, identity.ai
Account has no balance: 5f1addhcjz.m, exchange.ai
Account has no balance: ztggjezeko.m, pbmag.e
Account has no balance: mrtpyngqrs.m, iconoclastic
Account has no balance: 42lz3htnci.m, markgeneral1
Account has no balance: e2cclgj53s.m, markiqacct11
Account has no balance: ebkgmrsoq2.m, brunette.vr
Account has no balance: hfofbjyyhb.m, airplan.e
Account has no balance: uz4lxjasg5.m, hotblonde.vr
Account has no balance: n44hikmyqj.m, zhongguo2311
Account has no balance: 3q5u4cuqhd.m, zhongguo2312
Account has no balance: 2wly4r35rs.m, zhongguo2321
Account has no balance: 1zudcd23ra.m, zhongguo2322
Account has no balance: acvpgpvbdg.m, zhongguo2323
Account has no balance: 4xqsmmegvw.m, zhongguo2324
Account has no balance: ijukagqopi.m, zhongguo2325
Account has no balance: ig2u31reqz.m, zhongguo2331
Account has no balance: 44ynp2sw1t.m, johnseosledg
Account has no balance: hkmst3ynzc.m, kimkooyeon11
Account has no balance: gigs3nruhu.m, williamblake
Account has no balance: gxi1vfve3g.m, theriverking
Account has no balance: kfb1brnybh.m, wallet.xyz
Account has no balance: rumzkbbu44.m, airdropszone
Account has no balance: sc1qkultjg.m, borisknight1
Account has no balance: zlbfd1nvqa.m, grandprixcom
Account has no balance: rca2rl2emm.m, francispirit
Account has no balance: afnmj2waky.m, milehighfarm
Account has no balance: xynid4oo4s.m, aliavanti333
Account has no balance: hgyo2grqkh.m, alphablogger
Account has no balance: vvy5ehmmgw.m, tojanschulte
Account has no balance: f5ellbuvgk.m, neo.vr
Account has no balance: sz2sorjfpm.m, trinity.vr
Account has no balance: vqp4lpp3z5.m, merlin.vr
Account has no balance: whs4vubn23.m, bluepackman1
Account has no balance: eakanjgrjd.m, novusphereio
Account has no balance: lezdglsnpm.m, juandavi.e
Account has no balance: uask5vme5m.m, b2mcrypto.ai
Account has no balance: mkflodz52h.m, saraelisa.e
Account has no balance: 5ajz2s4wgq.m, virtualbeing
Account has no balance: tuhmmmptrx.m, supermario12
Account has no balance: u4liwa13c5.m, brokegenius1
Account has no balance: zbcwcearf4.m, eosxiaolige1
Account has no balance: vqxdnpjheg.m, bitnmortar.e
Account has no balance: bxexqr14je.m, capitalmsghh
Account has no balance: qmexjwgkzr.m, foodmagazine
Account has no balance: uwhmddqgja.m, eosdappproxy
Account has no balance: bkbissrilm.m, premiumphil1
Account has no balance: 12yq2nbham.m, sunburstblue
Account has no balance: aopgrw2zyy.m, cryptoconomy
Account has no balance: wpobqe42c3.m, mikeschriver
Account has no balance: efbzqnj54v.m, mrjoelbishop
Account has no balance: dgvcjwggoy.m, keygradeactv
Account has no balance: go3tylv2el.m, cryptotim.e
Account has no balance: kv5xbvlblp.m, bitcoin.ai
Account has no balance: m3b1wqqunh.m, starteosio13
Account has no balance: yazreklabm.m, xbloneos1234
Account has no balance: hrrzegjuos.m, eosdacthebot
Account has no balance: m2vq1votrg.m, plouto5roman
Account has no balance: deg5c4kgjr.m, cointracking
Account has no balance: v15343qqci.m, eostradegame
Account has no balance: yoocoide4s.m, rammstien111
Account has no balance: jr3oypxcls.m, rammstien222
Total balance: 20561857.9065
